<?xml version="1.0" encoding="utf-8"?><testsuites name="pytest tests"><testsuite name="pytest" errors="0" failures="0" skipped="0" tests="14" time="4.771" timestamp="2026-05-31T23:49:15.175068+00:00" hostname="agent-env-4789f7eb-7ae2-4a64-9dcb-896822fed3b4"><testcase classname="backend.tests.backend_test" name="test_root_ok" time="0.325" /><testcase classname="backend.tests.backend_test" name="test_verify_password_correct" time="0.153" /><testcase classname="backend.tests.backend_test" name="test_verify_password_wrong" time="0.148" /><testcase classname="backend.tests.backend_test" name="test_assets_list_returns_array" time="0.114" /><testcase classname="backend.tests.backend_test" name="test_create_asset_no_password_403" time="0.104" /><testcase classname="backend.tests.backend_test" name="test_create_asset_with_password_and_filter" time="0.365" /><testcase classname="backend.tests.backend_test" name="test_patch_asset_requires_password" time="0.350" /><testcase classname="backend.tests.backend_test" name="test_download_increments_count" time="0.325" /><testcase classname="backend.tests.backend_test" name="test_delete_asset_requires_password" time="0.423" /><testcase classname="backend.tests.backend_test" name="test_create_and_filter_packs" time="0.392" /><testcase classname="backend.tests.backend_test" name="test_dmca_and_suggestions_public" time="0.226" /><testcase classname="backend.tests.backend_test" name="test_submissions_requires_password" time="0.212" /><testcase classname="backend.tests.backend_test" name="test_upload_file_and_serve" time="0.333" /><testcase classname="backend.tests.backend_test" name="test_categories_crud" time="1.112" /></testsuite></testsuites>